#
# There is insufficient memory for the Java Runtime Environment to continue.
# Native memory allocation (mmap) failed to map 268435456 bytes for G1 virtual space
# Possible reasons:
#   The system is out of physical RAM or swap space
#   The process is running with CompressedOops enabled, and the Java Heap may be blocking the growth of the native heap
# Possible solutions:
#   Reduce memory load on the system
#   Increase physical memory or swap space
#   Check if swap backing store is full
#   Decrease Java heap size (-Xmx/-Xms)
#   Decrease number of Java threads
#   Decrease Java thread stack sizes (-Xss)
#   Set larger code cache with -XX:ReservedCodeCacheSize=
#   JVM is running with Zero Based Compressed Oops mode in which the Java heap is
#     placed in the first 32GB address space. The Java Heap base address is the
#     maximum limit for the native heap growth. Please use -XX:HeapBaseMinAddress
#     to set the Java Heap base and to place the Java Heap above 32GB virtual address.
# This output file may be truncated or incomplete.
#
#  Out of Memory Error (os_windows.cpp:3557), pid=12232, tid=9948
#
# JRE version:  (17.0.6+10) (build )
# Java VM: OpenJDK 64-Bit Server VM (17.0.6+10-LTS, mixed mode, sharing, tiered, compressed oops, compressed class ptrs, g1 gc, windows-amd64)
# No core dump will be written. Minidumps are not enabled by default on client versions of Windows
#

---------------  S U M M A R Y ------------

Command Line: -Dmaven.multiModuleProjectDirectory=D:\Users\Господа Скакуновы\IdeaProjects\phonebook-spring-mvc -Dmaven.home=C:\Program Files\JetBrains\IntelliJ IDEA 2022.1\plugins\maven\lib\maven3 -Dclassworlds.conf=C:\Program Files\JetBrains\IntelliJ IDEA 2022.1\plugins\maven\lib\maven3\bin\m2.conf -Dmaven.ext.class.path=C:\Program Files\JetBrains\IntelliJ IDEA 2022.1\plugins\maven\lib\maven-event-listener.jar -javaagent:C:\Program Files\JetBrains\IntelliJ IDEA 2022.1\lib\idea_rt.jar=9142:C:\Program Files\JetBrains\IntelliJ IDEA 2022.1\bin -Dfile.encoding=UTF-8 org.codehaus.classworlds.Launcher -Didea.version=2022.1 clean

Host: Intel(R) Core(TM) i5-6600 CPU @ 3.30GHz, 4 cores, 15G,  Windows 10 , 64 bit Build 19041 (10.0.19041.2546)
Time: Fri Mar 31 12:26:52 2023 RTZ 2 (s 10 , 64 bit Build 19041 (10.0.19041.2546) elapsed time: 0.021860 seconds (0d 0h 0m 0s)

---------------  T H R E A D  ---------------

Current thread (0x000001b9dca5a890):  JavaThread "Unknown thread" [_thread_in_vm, id=9948, stack(0x000000adcea00000,0x000000adceb00000)]

Stack: [0x000000adcea00000,0x000000adceb00000]
Native frames: (J=compiled Java code, j=interpreted, Vv=VM code, C=native code)
V  [jvm.dll+0x64b39a]
V  [jvm.dll+0x7ff044]
V  [jvm.dll+0x8007fe]
V  [jvm.dll+0x800e53]
V  [jvm.dll+0x235848]
V  [jvm.dll+0x6482fa]
V  [jvm.dll+0x63ca0a]
V  [jvm.dll+0x2f3d59]
V  [jvm.dll+0x2faee6]
V  [jvm.dll+0x34755a]
V  [jvm.dll+0x34779f]
V  [jvm.dll+0x2ca128]
V  [jvm.dll+0x2cb0b9]
V  [jvm.dll+0x7d2751]
V  [jvm.dll+0x354a21]
V  [jvm.dll+0x7b2c9e]
V  [jvm.dll+0x3d16c3]
V  [jvm.dll+0x3d30c1]
C  [jli.dll+0x519f]
C  [ucrtbase.dll+0x21bb2]
C  [KERNEL32.DLL+0x17614]
C  [ntdll.dll+0x526a1]


---------------  P R O C E S S  ---------------

Threads class SMR info:
_java_thread_list=0x00007ffddca6b858, length=0, elements={
}

Java Threads: ( => current thread )

Other Threads:
  0x000001b9dcabf9b0 GCTaskThread "GC Thread#0" [stack: 0x000000adceb00000,0x000000adcec00000] [id=9564]
  0x000001b9dcad1c50 ConcurrentGCThread "G1 Main Marker" [stack: 0x000000adcec00000,0x000000adced00000] [id=18340]
  0x000001b9dcad2e00 ConcurrentGCThread "G1 Conc#0" [stack: 0x000000adced00000,0x000000adcee00000] [id=9472]

[error occurred during error reporting (printing all threads), id 0xc0000005, EXCEPTION_ACCESS_VIOLATION (0xc0000005) at pc=0x00007ffddc25b387]

VM state: not at safepoint (not fully initialized)

VM Mutex/Monitor currently owned by a thread:  ([mutex/lock_event])
[0x000001b9dca56130] Heap_lock - owner thread: 0x000001b9dca5a890

Heap address: 0x0000000700a00000, size: 4086 MB, Compressed Oops mode: Zero based, Oop shift amount: 3

CDS archive(s) mapped at: [0x0000000000000000-0x0000000000000000-0x0000000000000000), size 0, SharedBaseAddress: 0x0000000800000000, ArchiveRelocationMode: 0.
Narrow klass base: 0x0000000000000000, Narrow klass shift: 0, Narrow klass range: 0x0

GC Precious Log:
<Empty>

Heap:
 garbage-first heap   total 0K, used 0K [0x0000000700a00000, 0x0000000800000000)
  region size 2048K, 0 young (0K), 0 survivors (0K)

[error occurred during error reporting (printing heap information), id 0xc0000005, EXCEPTION_ACCESS_VIOLATION (0xc0000005) at pc=0x00007ffddc622dd9]

GC Heap History (0 events):
No events

Dll operation events (1 events):
Event: 0.017 Loaded shared library C:\Users\Господа Скакуновы\.jdks\corretto-17.0.6\bin\java.dll

Deoptimization events (0 events):
No events

Classes unloaded (0 events):
No events

Classes redefined (0 events):
No events

Internal exceptions (0 events):
No events

VM Operations (0 events):
No events

Events (0 events):
No events


Dynamic libraries:
0x00007ff688070000 - 0x00007ff68807d000 	C:\Users\Господа Скакуновы\.jdks\corretto-17.0.6\bin\java.exe
0x00007ffe1c7b0000 - 0x00007ffe1c9a8000 	C:\WINDOWS\SYSTEM32\ntdll.dll
0x00007ffe1b0e0000 - 0x00007ffe1b19f000 	C:\WINDOWS\System32\KERNEL32.DLL
0x00007ffe1a4a0000 - 0x00007ffe1a772000 	C:\WINDOWS\System32\KERNELBASE.dll
0x00007ffe1a3a0000 - 0x00007ffe1a4a0000 	C:\WINDOWS\System32\ucrtbase.dll
0x00007ffe06460000 - 0x00007ffe06477000 	C:\Users\Господа Скакуновы\.jdks\corretto-17.0.6\bin\jli.dll
0x00007ffe056b0000 - 0x00007ffe056c5000 	C:\Users\Господа Скакуновы\.jdks\corretto-17.0.6\bin\VCRUNTIME140.dll
0x00007ffe1a860000 - 0x00007ffe1aa01000 	C:\WINDOWS\System32\USER32.dll
0x00007ffe0cba0000 - 0x00007ffe0ce3a000 	C:\WINDOWS\WinSxS\amd64_microsoft.windows.common-controls_6595b64144ccf1df_6.0.19041.1110_none_60b5254171f9507e\COMCTL32.dll
0x00007ffe1ab50000 - 0x00007ffe1abee000 	C:\WINDOWS\System32\msvcrt.dll
0x00007ffe19fe0000 - 0x00007ffe1a002000 	C:\WINDOWS\System32\win32u.dll
0x00007ffe1ba30000 - 0x00007ffe1ba5b000 	C:\WINDOWS\System32\GDI32.dll
0x00007ffe1a010000 - 0x00007ffe1a11f000 	C:\WINDOWS\System32\gdi32full.dll
0x00007ffe1a1e0000 - 0x00007ffe1a27d000 	C:\WINDOWS\System32\msvcp_win.dll
0x00007ffe1c120000 - 0x00007ffe1c150000 	C:\WINDOWS\System32\IMM32.DLL
0x00007ffdf5360000 - 0x00007ffdf53fb000 	C:\Users\Господа Скакуновы\.jdks\corretto-17.0.6\bin\msvcp140.dll
0x00007ffddbf80000 - 0x00007ffddcb98000 	C:\Users\Господа Скакуновы\.jdks\corretto-17.0.6\bin\server\jvm.dll
0x00007ffe1c220000 - 0x00007ffe1c2ce000 	C:\WINDOWS\System32\ADVAPI32.dll
0x00007ffe1aca0000 - 0x00007ffe1ad3c000 	C:\WINDOWS\System32\sechost.dll
0x00007ffe1af40000 - 0x00007ffe1b064000 	C:\WINDOWS\System32\RPCRT4.dll
0x00007ffe0dc80000 - 0x00007ffe0dca7000 	C:\WINDOWS\SYSTEM32\WINMM.dll
0x00007ffe0ce40000 - 0x00007ffe0ce49000 	C:\WINDOWS\SYSTEM32\WSOCK32.dll
0x00007ffe101c0000 - 0x00007ffe101ca000 	C:\WINDOWS\SYSTEM32\VERSION.dll
0x00007ffe1b9c0000 - 0x00007ffe1ba2b000 	C:\WINDOWS\System32\WS2_32.dll
0x00007ffe17d20000 - 0x00007ffe17d32000 	C:\WINDOWS\SYSTEM32\kernel.appcore.dll
0x00007ffe15280000 - 0x00007ffe1528a000 	C:\Users\Господа Скакуновы\.jdks\corretto-17.0.6\bin\jimage.dll
0x00007ffe0c6c0000 - 0x00007ffe0c8a4000 	C:\WINDOWS\SYSTEM32\DBGHELP.DLL
0x00007ffe09af0000 - 0x00007ffe09b25000 	C:\WINDOWS\SYSTEM32\dbgcore.DLL
0x00007ffe1a120000 - 0x00007ffe1a1a2000 	C:\WINDOWS\System32\bcryptPrimitives.dll
0x00007ffe15220000 - 0x00007ffe1522e000 	C:\Users\Господа Скакуновы\.jdks\corretto-17.0.6\bin\instrument.dll
0x00007ffdfb2e0000 - 0x00007ffdfb305000 	C:\Users\Господа Скакуновы\.jdks\corretto-17.0.6\bin\java.dll

dbghelp: loaded successfully - version: 4.0.5 - missing functions: none
symbol engine: initialized successfully - sym options: 0x614 - pdb path: .;C:\Users\Господа Скакуновы\.jdks\corretto-17.0.6\bin;C:\WINDOWS\SYSTEM32;C:\WINDOWS\WinSxS\amd64_microsoft.windows.common-controls_6595b64144ccf1df_6.0.19041.1110_none_60b5254171f9507e;C:\Users\Господа Скакуновы\.jdks\corretto-17.0.6\bin\server

VM Arguments:
jvm_args: -Dmaven.multiModuleProjectDirectory=D:\Users\Господа Скакуновы\IdeaProjects\phonebook-spring-mvc -Dmaven.home=C:\Program Files\JetBrains\IntelliJ IDEA 2022.1\plugins\maven\lib\maven3 -Dclassworlds.conf=C:\Program Files\JetBrains\IntelliJ IDEA 2022.1\plugins\maven\lib\maven3\bin\m2.conf -Dmaven.ext.class.path=C:\Program Files\JetBrains\IntelliJ IDEA 2022.1\plugins\maven\lib\maven-event-listener.jar -javaagent:C:\Program Files\JetBrains\IntelliJ IDEA 2022.1\lib\idea_rt.jar=9142:C:\Program Files\JetBrains\IntelliJ IDEA 2022.1\bin -Dfile.encoding=UTF-8 
java_command: org.codehaus.classworlds.Launcher -Didea.version=2022.1 clean
java_class_path (initial): C:\Program Files\JetBrains\IntelliJ IDEA 2022.1\plugins\maven\lib\maven3\boot\plexus-classworlds-2.6.0.jar;C:\Program Files\JetBrains\IntelliJ IDEA 2022.1\plugins\maven\lib\maven3\boot\plexus-classworlds.license
Launcher Type: SUN_STANDARD

[Global flags]
     intx CICompilerCount                          = 3                                         {product} {ergonomic}
     uint ConcGCThreads                            = 1                                         {product} {ergonomic}
     uint G1ConcRefinementThreads                  = 4                                         {product} {ergonomic}
   size_t G1HeapRegionSize                         = 2097152                                   {product} {ergonomic}
    uintx GCDrainStackTargetSize                   = 64                                        {product} {ergonomic}
   size_t InitialHeapSize                          = 268435456                                 {product} {ergonomic}
   size_t MarkStackSize                            = 4194304                                   {product} {ergonomic}
   size_t MaxHeapSize                              = 4284481536                                {product} {ergonomic}
   size_t MinHeapDeltaBytes                        = 2097152                                   {product} {ergonomic}
   size_t MinHeapSize                              = 8388608                                   {product} {ergonomic}
    uintx NonNMethodCodeHeapSize                   = 5832780                                {pd product} {ergonomic}
    uintx NonProfiledCodeHeapSize                  = 122912730                              {pd product} {ergonomic}
    uintx ProfiledCodeHeapSize                     = 122912730                              {pd product} {ergonomic}
    uintx ReservedCodeCacheSize                    = 251658240                              {pd product} {ergonomic}
     bool SegmentedCodeCache                       = true                                      {product} {ergonomic}
   size_t SoftMaxHeapSize                          = 4284481536                             {manageable} {ergonomic}
     bool UseCompressedClassPointers               = true                           {product lp64_product} {ergonomic}
     bool UseCompressedOops                        = true                           {product lp64_product} {ergonomic}
     bool UseG1GC                                  = true                                      {product} {ergonomic}
     bool UseLargePagesIndividualAllocation        = false                                  {pd product} {ergonomic}

Logging:
Log output configuration:
 #0: stdout all=warning uptime,level,tags
 #1: stderr all=off uptime,level,tags

Environment Variables:
JAVA_HOME=C:\Program Files\Java\jdk-15.0.2\bin
PATH=C:\Python310\Scripts\;C:\Python310\;C:\Program Files\Common Files\Oracle\Java\javapath;C:\Program Files (x86)\Common Files\Oracle\Java\javapath;C:\WINDOWS\system32;C:\WINDOWS;C:\WINDOWS\System32\Wbem;C:\WINDOWS\System32\WindowsPowerShell\v1.0\;C:\WINDOWS\System32\OpenSSH\;C:\Program Files\Java\jdk-15.0.2\bin;C:\Program Files (x86)\dotnet\;C:\Program Files\Docker\Docker\resources\bin;C:\ProgramData\DockerDesktop\version-bin;C:\ProgramData\chocolatey\bin;C:\Users\Господа Скакуновы\AppData\Roaming\nvm;C:\Program Files\nodejs;C:\Program Files\PowerShell\7\;C:\Program Files\Git\cmd;C:\tizen-studio\tools\ide\bin;C:\Users\Господа Скакуновы\AppData\Local\Microsoft\WindowsApps;C:\Program Files\JetBrains\IntelliJ IDEA 2022.1\bin;C:\Users\Господа Скакуновы\AppData\Roaming\nvm;C:\Program Files\nodejs;C:\Users\Господа Скакуновы\AppData\Local\Programs\Microsoft VS Code\bin
USERNAME=Господа Скакуновы
OS=Windows_NT
PROCESSOR_IDENTIFIER=Intel64 Family 6 Model 94 Stepping 3, GenuineIntel
TMP=C:\Users\8554~1\AppData\Local\Temp
TEMP=C:\Users\8554~1\AppData\Local\Temp



---------------  S Y S T E M  ---------------

OS:
 Windows 10 , 64 bit Build 19041 (10.0.19041.2546)
OS uptime: 0 days 20:24 hours
Hyper-V role detected

CPU: total 4 (initial active 4) (4 cores per cpu, 1 threads per core) family 6 model 94 stepping 3 microcode 0xcc, cx8, cmov, fxsr, mmx, 3dnowpref, sse, sse2, sse3, ssse3, sse4.1, sse4.2, popcnt, lzcnt, tsc, tscinvbit, avx, avx2, aes, erms, clmul, bmi1, bmi2, rtm, adx, fma, vzeroupper, clflush, clflushopt, hv

Memory: 4k page, system-wide physical 16336M (3568M free)
TotalPageFile size 17336M (AvailPageFile size 127M)
current process WorkingSet (physical memory assigned to process): 10M, peak: 10M
current process commit charge ("private bytes"): 51M, peak: 307M

vm_info: OpenJDK 64-Bit Server VM (17.0.6+10-LTS) for windows-amd64 JRE (17.0.6+10-LTS), built on Jan 13 2023 22:57:04 by "Administrator" with MS VC++ 15.9 (VS2017)

END.
